TN:
SF:src\app.ts
FN:15,(anonymous_8)
FN:15,(anonymous_9)
FN:27,(anonymous_10)
FN:29,(anonymous_11)
FN:33,(anonymous_12)
FNF:5
FNH:2
FNDA:7,(anonymous_8)
FNDA:7,(anonymous_9)
FNDA:0,(anonymous_10)
FNDA:0,(anonymous_11)
FNDA:0,(anonymous_12)
DA:1,3
DA:2,3
DA:3,3
DA:4,3
DA:5,3
DA:6,3
DA:8,3
DA:9,3
DA:11,3
DA:12,3
DA:13,3
DA:15,7
DA:16,7
DA:25,3
DA:26,0
DA:28,0
DA:29,0
DA:30,0
DA:34,0
DA:38,3
LF:20
LH:15
BRDA:9,0,0,0
BRDA:9,0,1,3
BRDA:18,1,0,5
BRDA:18,1,1,2
BRDA:25,2,0,0
BRDA:25,2,1,3
BRF:6
BRH:4
end_of_record
TN:
SF:src\controllers\userController.ts
FN:6,(anonymous_8)
FN:6,(anonymous_9)
FN:20,(anonymous_10)
FN:20,(anonymous_11)
FN:39,(anonymous_12)
FN:39,(anonymous_13)
FN:59,(anonymous_14)
FN:59,(anonymous_15)
FN:86,(anonymous_16)
FN:86,(anonymous_17)
FNF:10
FNH:10
FNDA:4,(anonymous_8)
FNDA:4,(anonymous_9)
FNDA:7,(anonymous_10)
FNDA:7,(anonymous_11)
FNDA:8,(anonymous_12)
FNDA:8,(anonymous_13)
FNDA:6,(anonymous_14)
FNDA:6,(anonymous_15)
FNDA:6,(anonymous_16)
FNDA:6,(anonymous_17)
DA:2,4
DA:3,4
DA:6,4
DA:7,4
DA:8,4
DA:9,4
DA:12,2
DA:14,2
DA:15,2
DA:20,7
DA:21,7
DA:22,7
DA:23,7
DA:27,5
DA:28,3
DA:29,3
DA:31,2
DA:33,2
DA:34,2
DA:39,8
DA:40,8
DA:41,8
DA:42,8
DA:43,8
DA:44,8
DA:46,3
DA:47,3
DA:49,5
DA:50,5
DA:51,2
DA:52,2
DA:54,3
DA:59,6
DA:60,6
DA:61,6
DA:62,6
DA:63,6
DA:64,2
DA:65,2
DA:68,4
DA:69,4
DA:71,4
DA:72,3
DA:74,3
DA:76,1
DA:77,1
DA:78,0
DA:79,0
DA:81,1
DA:86,6
DA:87,6
DA:88,6
DA:89,6
DA:90,4
DA:91,2
DA:92,2
DA:94,2
DA:96,2
DA:97,2
LF:59
LH:57
BRDA:27,0,0,3
BRDA:27,0,1,2
BRDA:50,1,0,2
BRDA:50,1,1,3
BRDA:63,2,0,2
BRDA:63,2,1,4
BRDA:77,3,0,0
BRDA:77,3,1,1
BRDA:90,4,0,2
BRDA:90,4,1,2
BRF:10
BRH:9
end_of_record
TN:
SF:src\models\userModel.ts
FNF:0
FNH:0
DA:1,3
DA:4,3
DA:5,3
DA:8,3
DA:11,3
DA:14,3
DA:17,3
DA:20,3
LF:8
LH:8
BRF:0
BRH:0
end_of_record
TN:
SF:src\routes\userRoutes.ts
FNF:0
FNH:0
DA:1,3
DA:2,3
DA:10,3
DA:13,3
DA:16,3
DA:19,3
DA:22,3
DA:25,3
DA:27,3
LF:9
LH:9
BRF:0
BRH:0
end_of_record
